[Thu Nov 12 22:06:18 2020] [] -- shutting down
[Thu Nov 12 22:22:56 2020] [[Errno 2] No such file or directory: '/home/atharva/Study/Sem_5/CN/HTTP-Server/var/www/html/permanent.html'] -- resuming operations
[Thu Nov 12 22:22:56 2020] [[Errno 2] No such file or directory: '/home/atharva/Study/Sem_5/CN/HTTP-Server/var/www/html/permanent.html'] -- resuming operations
[Thu Nov 12 22:25:49 2020] [] -- shutting down
[Thu Nov 12 22:26:15 2020] [[Errno 2] No such file or directory: '/home/atharva/Study/Sem_5/CN/HTTP-Server/var/www/html/permanent.html'] -- resuming operations
[Thu Nov 12 22:26:15 2020] "GET /permanent.html HTTP/1.1" 405 235 "-" "-"
[Thu Nov 12 22:34:07 2020] "" 400 228 "-" "-"
[Thu Nov 12 22:34:07 2020] "" 400 228 "-" "-"
[Thu Nov 12 22:34:07 2020] [[Errno 32] Broken pipe] -- closing connection
[Thu Nov 12 22:36:20 2020] "" 400 228 "-" "-"
[Thu Nov 12 22:36:20 2020] "" 400 228 "-" "-"
[Thu Nov 12 22:36:20 2020] [[Errno 32] Broken pipe] -- closing connection
[Thu Nov 12 22:36:23 2020] [] -- shutting down
[Thu Nov 12 22:36:41 2020] [[Errno 2] No such file or directory: '/home/atharva/Study/Sem_5/CN/HTTP-Server/var/www/html/permanent.html'] -- resuming operations
[Thu Nov 12 22:36:41 2020] "GET /permanent.html HTTP/1.1" 405 235 "-" "-"
[Thu Nov 12 22:37:48 2020] "" 400 228 "-" "-"
[Thu Nov 12 22:37:48 2020] "" 400 228 "-" "-"
[Thu Nov 12 22:37:48 2020] [[Errno 32] Broken pipe] -- closing connection
[Thu Nov 12 22:37:53 2020] "" 400 228 "-" "-"
[Thu Nov 12 22:37:53 2020] "" 400 228 "-" "-"
[Thu Nov 12 22:37:53 2020] [[Errno 32] Broken pipe] -- closing connection
[Thu Nov 12 22:38:04 2020] "GET /favicon.ico HTTP/1.1" 404 226 "-" "-"
[Thu Nov 12 22:38:12 2020] [[Errno 2] No such file or directory: '/home/atharva/Study/Sem_5/CN/HTTP-Server/var/www/html/permanent.html'] -- resuming operations
[Thu Nov 12 22:38:12 2020] "GET /permanent.html HTTP/1.1" 405 235 "-" "-"
[Thu Nov 12 22:38:12 2020] "" 400 228 "-" "-"
[Thu Nov 12 22:38:12 2020] "" 400 228 "-" "-"
[Thu Nov 12 22:38:12 2020] [[Errno 32] Broken pipe] -- closing connection
[Thu Nov 12 22:38:50 2020] [] -- shutting down
[Tue Dec 08 18:23:52 2020] [] -- shutting down
